#
# A fatal error has been detected by the Java Runtime Environment:
#
#  SIGSEGV (0xb) at pc=0xb4a72753, pid=6020, tid=3078372208
#
# JRE version: 6.0_20-b20
# Java VM: OpenJDK Server VM (19.0-b09 mixed mode linux-x86 )
# Derivative: IcedTea6 1.9.13
# Distribution: Ubuntu 10.04.1 LTS, package 6b20-1.9.13-0ubuntu1~10.04.1
# Problematic frame:
# J  org.eclipse.jdt.internal.compiler.lookup.Scope.getTypeOrPackage([CIZ)Lorg/eclipse/jdt/internal/compiler/lookup/Binding;
#
# If you would like to submit a bug report, please include
# instructions how to reproduce the bug and visit:
#   https://bugs.launchpad.net/ubuntu/+source/openjdk-6/
#

---------------  T H R E A D  ---------------

Current thread (0x090b9800):  JavaThread "main" [_thread_in_Java, id=6022, stack(0xb7773000,0xb77c4000)]

siginfo:si_signo=SIGSEGV: si_errno=0, si_code=128 (), si_addr=0x00000000

Registers:
EAX=0x00000004, EBX=0xacffaa30, ECX=0x00000000, EDX=0x00000001
ESP=0xb77c2790, EBP=0x00000000, ESI=0x00000005, EDI=0x00000006
EIP=0xb4a72753, CR2=0x00000004, EFLAGS=0x00210286

Register to memory mapping:

EAX=0x00000004
0x00000004 is pointing to unknown location

EBX=0xacffaa30

[error occurred during error reporting (printing registers, top of stack, instructions near pc), id 0xe0000000]

Stack: [0xb7773000,0xb77c4000],  sp=0xb77c2790,  free space=317k
Native frames: (J=compiled Java code, j=interpreted, Vv=VM code, C=native code)
J  org.eclipse.jdt.internal.compiler.lookup.Scope.getTypeOrPackage([CIZ)Lorg/eclipse/jdt/internal/compiler/lookup/Binding;

[error occurred during error reporting (printing native stack), id 0xb]


---------------  P R O C E S S  ---------------

Java Threads: ( => current thread )
  0x0946e000 JavaThread "Java2D Disposer" daemon [_thread_blocked, id=6041, stack(0x8b45e000,0x8b4af000)]
  0x8b523000 JavaThread "UnitWriteThread" daemon [_thread_blocked, id=6038, stack(0x8b648000,0x8b699000)]
  0x8befd400 JavaThread "com.google.gwt.thirdparty.guava.common.base.internal.Finalizer" daemon [_thread_blocked, id=6035, stack(0x8b6ea000,0x8b73b000)]
  0x091d1800 JavaThread "Timer-0" daemon [_thread_blocked, id=6034, stack(0x8b73b000,0x8b78c000)]
  0x8be02400 JavaThread "Low Memory Detector" daemon [_thread_blocked, id=6031, stack(0x8bdaf000,0x8be00000)]
  0x8be00800 JavaThread "CompilerThread1" daemon [_thread_in_native, id=6030, stack(0x8bf03000,0x8bf84000)]
  0x09159c00 JavaThread "CompilerThread0" daemon [_thread_in_native, id=6029, stack(0x8bf84000,0x8c005000)]
  0x09158400 JavaThread "Signal Dispatcher" daemon [_thread_blocked, id=6028, stack(0x8c005000,0x8c056000)]
  0x09148000 JavaThread "Finalizer" daemon [_thread_blocked, id=6027, stack(0x8c095000,0x8c0e6000)]
  0x09143400 JavaThread "Reference Handler" daemon [_thread_blocked, id=6026, stack(0x8c0e6000,0x8c137000)]
=>0x090b9800 JavaThread "main" [_thread_in_Java, id=6022, stack(0xb7773000,0xb77c4000)]

Other Threads:
  0x0913f400 VMThread [stack: 0x8c137000,0x8c1b8000] [id=6025]
  0x8be04800 WatcherThread [stack: 0x8bd2e000,0x8bdaf000] [id=6032]

VM state:not at safepoint (normal execution)

VM Mutex/Monitor currently owned by a thread: None

Heap
 PSYoungGen      total 110976K, used 98547K [0xa9c10000, 0xb46b0000, 0xb46b0000)
  eden space 59904K, 89% used [0xa9c10000,0xad0354f8,0xad690000)
  from space 51072K, 88% used [0xb14d0000,0xb40e79a8,0xb46b0000)
  to   space 57408K, 0% used [0xad690000,0xad690000,0xb0ea0000)
 PSOldGen        total 97792K, used 68956K [0x946b0000, 0x9a630000, 0xa9c10000)
  object space 97792K, 70% used [0x946b0000,0x98a07320,0x9a630000)
 PSPermGen       total 24832K, used 15623K [0x8c6b0000, 0x8def0000, 0x946b0000)
  object space 24832K, 62% used [0x8c6b0000,0x8d5f1f88,0x8def0000)

Dynamic libraries:
00110000-00134000 r-xp 00000000 08:05 566563     /lib/tls/i686/cmov/libm-2.11.1.so
00134000-00135000 r--p 00023000 08:05 566563     /lib/tls/i686/cmov/libm-2.11.1.so
00135000-00136000 rw-p 00024000 08:05 566563     /lib/tls/i686/cmov/libm-2.11.1.so
00136000-0013a000 r-xp 00000000 08:05 567125     /lib/tls/i686/cmov/libnss_dns-2.11.1.so
0013a000-0013b000 r--p 00004000 08:05 567125     /lib/tls/i686/cmov/libnss_dns-2.11.1.so
0013b000-0013c000 rw-p 00005000 08:05 567125     /lib/tls/i686/cmov/libnss_dns-2.11.1.so
0013e000-00151000 r-xp 00000000 08:05 392800     /lib/libz.so.1.2.3.3
00151000-00152000 r--p 00012000 08:05 392800     /lib/libz.so.1.2.3.3
00152000-00153000 rw-p 00013000 08:05 392800     /lib/libz.so.1.2.3.3
00153000-0015a000 r-xp 00000000 08:05 566566     /lib/tls/i686/cmov/librt-2.11.1.so
0015a000-0015b000 r--p 00006000 08:05 566566     /lib/tls/i686/cmov/librt-2.11.1.so
0015b000-0015c000 rw-p 00007000 08:05 566566     /lib/tls/i686/cmov/librt-2.11.1.so
0015c000-00168000 r-xp 00000000 08:05 146430     /usr/lib/jvm/java-6-openjdk/jre/lib/i386/libverify.so
00168000-00169000 r--p 0000b000 08:05 146430     /usr/lib/jvm/java-6-openjdk/jre/lib/i386/libverify.so
00169000-0016a000 rw-p 0000c000 08:05 146430     /usr/lib/jvm/java-6-openjdk/jre/lib/i386/libverify.so
0016a000-00171000 r-xp 00000000 08:05 146432     /usr/lib/jvm/java-6-openjdk/jre/lib/i386/native_threads/libhpi.so
00171000-00172000 r--p 00006000 08:05 146432     /usr/lib/jvm/java-6-openjdk/jre/lib/i386/native_threads/libhpi.so
00172000-00173000 rw-p 00007000 08:05 146432     /usr/lib/jvm/java-6-openjdk/jre/lib/i386/native_threads/libhpi.so
00173000-0017a000 r-xp 00000000 08:05 146431     /usr/lib/jvm/java-6-openjdk/jre/lib/i386/libzip.so
0017a000-0017b000 r--p 00006000 08:05 146431     /usr/lib/jvm/java-6-openjdk/jre/lib/i386/libzip.so
0017b000-0017c000 rw-p 00007000 08:05 146431     /usr/lib/jvm/java-6-openjdk/jre/lib/i386/libzip.so
0017c000-00182000 r-xp 00000000 08:05 145929     /usr/lib/jvm/java-6-openjdk/jre/lib/i386/libmanagement.so
00182000-00183000 r--p 00005000 08:05 145929     /usr/lib/jvm/java-6-openjdk/jre/lib/i386/libmanagement.so
00183000-00184000 rw-p 00006000 08:05 145929     /usr/lib/jvm/java-6-openjdk/jre/lib/i386/libmanagement.so
00184000-00189000 r-xp 00000000 08:05 133122     /usr/lib/jvm/java-6-openjdk/jre/lib/i386/headless/libmawt.so
00189000-0018a000 r--p 00004000 08:05 133122     /usr/lib/jvm/java-6-openjdk/jre/lib/i386/headless/libmawt.so
0018a000-0018b000 rw-p 00005000 08:05 133122     /usr/lib/jvm/java-6-openjdk/jre/lib/i386/headless/libmawt.so
00190000-001b4000 r-xp 00000000 08:05 145921     /usr/lib/jvm/java-6-openjdk/jre/lib/i386/libjava.so
001b4000-001b5000 r--p 00023000 08:05 145921     /usr/lib/jvm/java-6-openjdk/jre/lib/i386/libjava.so
001b5000-001b7000 rw-p 00024000 08:05 145921     /usr/lib/jvm/java-6-openjdk/jre/lib/i386/libjava.so
001c6000-001cc000 r-xp 00000000 08:05 566573     /lib/tls/i686/cmov/libnss_compat-2.11.1.so
001cc000-001cd000 r--p 00006000 08:05 566573     /lib/tls/i686/cmov/libnss_compat-2.11.1.so
001cd000-001ce000 rw-p 00007000 08:05 566573     /lib/tls/i686/cmov/libnss_compat-2.11.1.so
001ce000-001e2000 r-xp 00000000 08:05 145931     /usr/lib/jvm/java-6-openjdk/jre/lib/i386/libnet.so
001e2000-001e3000 r--p 00013000 08:05 145931     /usr/lib/jvm/java-6-openjdk/jre/lib/i386/libnet.so
001e3000-001e4000 rw-p 00014000 08:05 145931     /usr/lib/jvm/java-6-openjdk/jre/lib/i386/libnet.so
001e4000-00269000 r-xp 00000000 08:05 138908     /usr/lib/jvm/java-6-openjdk/jre/lib/i386/libawt.so
00269000-0026a000 r--p 00085000 08:05 138908     /usr/lib/jvm/java-6-openjdk/jre/lib/i386/libawt.so
0026a000-00270000 rw-p 00086000 08:05 138908     /usr/lib/jvm/java-6-openjdk/jre/lib/i386/libawt.so
00270000-00295000 rw-p 00000000 00:00 0 
0029c000-002a4000 r-xp 00000000 08:05 567123     /lib/tls/i686/cmov/libnss_nis-2.11.1.so
002a4000-002a5000 r--p 00007000 08:05 567123     /lib/tls/i686/cmov/libnss_nis-2.11.1.so
002a5000-002a6000 rw-p 00008000 08:05 567123     /lib/tls/i686/cmov/libnss_nis-2.11.1.so
002e1000-002f6000 r-xp 00000000 08:05 566556     /lib/tls/i686/cmov/libpthread-2.11.1.so
002f6000-002f7000 r--p 00014000 08:05 566556     /lib/tls/i686/cmov/libpthread-2.11.1.so
002f7000-002f8000 rw-p 00015000 08:05 566556     /lib/tls/i686/cmov/libpthread-2.11.1.so
002f8000-002fa000 rw-p 00000000 00:00 0 
003f4000-003f6000 r-xp 00000000 08:05 392723     /lib/libnss_mdns4_minimal.so.2
003f6000-003f7000 r--p 00001000 08:05 392723     /lib/libnss_mdns4_minimal.so.2
003f7000-003f8000 rw-p 00002000 08:05 392723     /lib/libnss_mdns4_minimal.so.2
0044e000-0046b000 r-xp 00000000 08:05 418890     /lib/libgcc_s.so.1
0046b000-0046c000 r--p 0001c000 08:05 418890     /lib/libgcc_s.so.1
0046c000-0046d000 rw-p 0001d000 08:05 418890     /lib/libgcc_s.so.1
00476000-00479000 r-xp 00000000 08:05 133123     /usr/lib/jvm/java-6-openjdk/jre/lib/i386/jli/libjli.so
00479000-0047a000 r--p 00003000 08:05 133123     /usr/lib/jvm/java-6-openjdk/jre/lib/i386/jli/libjli.so
0047a000-0047b000 rw-p 00004000 08:05 133123     /usr/lib/jvm/java-6-openjdk/jre/lib/i386/jli/libjli.so
00558000-0055a000 r-xp 00000000 08:05 566555     /lib/tls/i686/cmov/libdl-2.11.1.so
0055a000-0055b000 r--p 00001000 08:05 566555     /lib/tls/i686/cmov/libdl-2.11.1.so
0055b000-0055c000 rw-p 00002000 08:05 566555     /lib/tls/i686/cmov/libdl-2.11.1.so
0061d000-00770000 r-xp 00000000 08:05 566561     /lib/tls/i686/cmov/libc-2.11.1.so
00770000-00772000 r--p 00153000 08:05 566561     /lib/tls/i686/cmov/libc-2.11.1.so
00772000-00773000 rw-p 00155000 08:05 566561     /lib/tls/i686/cmov/libc-2.11.1.so
00773000-00776000 rw-p 00000000 00:00 0 
0077b000-007bf000 r-xp 00000000 08:05 145529     /usr/lib/jvm/java-6-openjdk/jre/lib/i386/libfontmanager.so
007bf000-007c1000 r--p 00043000 08:05 145529     /usr/lib/jvm/java-6-openjdk/jre/lib/i386/libfontmanager.so
007c1000-007c2000 rw-p 00045000 08:05 145529     /usr/lib/jvm/java-6-openjdk/jre/lib/i386/libfontmanager.so
007c2000-007c7000 rw-p 00000000 00:00 0 
00836000-00837000 r-xp 00000000 00:00 0          [vdso]
00902000-00973000 r-xp 00000000 08:05 131119     /usr/lib/libfreetype.so.6.3.22
00973000-00977000 r--p 00070000 08:05 131119     /usr/lib/libfreetype.so.6.3.22
00977000-00978000 rw-p 00074000 08:05 131119     /usr/lib/libfreetype.so.6.3.22
0098c000-0099f000 r-xp 00000000 08:05 551639     /lib/tls/i686/cmov/libnsl-2.11.1.so
0099f000-009a0000 r--p 00012000 08:05 551639     /lib/tls/i686/cmov/libnsl-2.11.1.so
009a0000-009a1000 rw-p 00013000 08:05 551639     /lib/tls/i686/cmov/libnsl-2.11.1.so
009a1000-009a3000 rw-p 00000000 00:00 0 
009a3000-009ad000 r-xp 00000000 08:05 566557     /lib/tls/i686/cmov/libnss_files-2.11.1.so
009ad000-009ae000 r--p 00009000 08:05 566557     /lib/tls/i686/cmov/libnss_files-2.11.1.so
009ae000-009af000 rw-p 0000a000 08:05 566557     /lib/tls/i686/cmov/libnss_files-2.11.1.so
00a6a000-00a7a000 r-xp 00000000 08:05 566559     /lib/tls/i686/cmov/libresolv-2.11.1.so
00a7a000-00a7b000 r--p 00010000 08:05 566559     /lib/tls/i686/cmov/libresolv-2.11.1.so
00a7b000-00a7c000 rw-p 00011000 08:05 566559     /lib/tls/i686/cmov/libresolv-2.11.1.so
00a7c000-00a7e000 rw-p 00000000 00:00 0 
00aaa000-00ac5000 r-xp 00000000 08:05 429595     /lib/ld-2.11.1.so
00ac5000-00ac6000 r--p 0001a000 08:05 429595     /lib/ld-2.11.1.so
00ac6000-00ac7000 rw-p 0001b000 08:05 429595     /lib/ld-2.11.1.so
00ac7000-0118c000 r-xp 00000000 08:05 146433     /usr/lib/jvm/java-6-openjdk/jre/lib/i386/server/libjvm.so
0118c000-0118d000 ---p 006c5000 08:05 146433     /usr/lib/jvm/java-6-openjdk/jre/lib/i386/server/libjvm.so
0118d000-011d2000 r--p 006c5000 08:05 146433     /usr/lib/jvm/java-6-openjdk/jre/lib/i386/server/libjvm.so
011d2000-011e1000 rw-p 0070a000 08:05 146433     /usr/lib/jvm/java-6-openjdk/jre/lib/i386/server/libjvm.so
011e1000-01600000 rw-p 00000000 00:00 0 
08048000-08051000 r-xp 00000000 08:05 192182     /usr/lib/jvm/java-6-openjdk/jre/bin/java
08051000-08052000 r--p 00008000 08:05 192182     /usr/lib/jvm/java-6-openjdk/jre/bin/java
08052000-08053000 rw-p 00009000 08:05 192182     /usr/lib/jvm/java-6-openjdk/jre/bin/java
090b0000-0abf2000 rw-p 00000000 00:00 0          [heap]
89c00000-89cc5000 rw-p 00000000 00:00 0 
89cc5000-89d00000 ---p 00000000 00:00 0 
89e00000-89efc000 rw-p 00000000 00:00 0 
89efc000-89f00000 ---p 00000000 00:00 0 
89f00000-89feb000 rw-p 00000000 00:00 0 
89feb000-8a000000 ---p 00000000 00:00 0 
8a000000-8a0fc000 rw-p 00000000 00:00 0 
8a0fc000-8a100000 ---p 00000000 00:00 0 
8a100000-8a1ff000 rw-p 00000000 00:00 0 
8a1ff000-8a200000 ---p 00000000 00:00 0 
8a200000-8a2f3000 rw-p 00000000 00:00 0 
8a2f3000-8a300000 ---p 00000000 00:00 0 
8a300000-8a3fd000 rw-p 00000000 00:00 0 
8a3fd000-8a400000 ---p 00000000 00:00 0 
8a400000-8a4e5000 rw-p 00000000 00:00 0 
8a4e5000-8a500000 ---p 00000000 00:00 0 
8a500000-8a5f9000 rw-p 00000000 00:00 0 
8a5f9000-8a600000 ---p 00000000 00:00 0 
8a600000-8a6fd000 rw-p 00000000 00:00 0 
8a6fd000-8a700000 ---p 00000000 00:00 0 
8a700000-8a7f2000 rw-p 00000000 00:00 0 
8a7f2000-8a800000 ---p 00000000 00:00 0 
8a800000-8a8f6000 rw-p 00000000 00:00 0 
8a8f6000-8a900000 ---p 00000000 00:00 0 
8a900000-8a9f8000 rw-p 00000000 00:00 0 
8a9f8000-8aa00000 ---p 00000000 00:00 0 
8aa00000-8aaf7000 rw-p 00000000 00:00 0 
8aaf7000-8ab00000 ---p 00000000 00:00 0 
8ab00000-8abf9000 rw-p 00000000 00:00 0 
8abf9000-8ac00000 ---p 00000000 00:00 0 
8ac00000-8acf0000 rw-p 00000000 00:00 0 
8acf0000-8ad00000 ---p 00000000 00:00 0 
8ad00000-8ae00000 rw-p 00000000 00:00 0 
8ae00000-8aeeb000 rw-p 00000000 00:00 0 
8aeeb000-8af00000 ---p 00000000 00:00 0 
8af00000-8aff3000 rw-p 00000000 00:00 0 
8aff3000-8b000000 ---p 00000000 00:00 0 
8b100000-8b1d6000 rw-p 00000000 00:00 0 
8b1d6000-8b200000 ---p 00000000 00:00 0 
8b200000-8b2f4000 rw-p 00000000 00:00 0 
8b2f4000-8b300000 ---p 00000000 00:00 0 
8b300000-8b3e9000 rw-p 00000000 00:00 0 
8b3e9000-8b400000 ---p 00000000 00:00 0 
8b407000-8b408000 r--s 00000000 08:05 664049     /var/cache/fontconfig/c05880de57d1f5e948fdfacc138775d9-le32d4.cache-3
8b408000-8b40e000 r--s 00000000 08:05 664046     /var/cache/fontconfig/945677eb7aeaf62f1d50efc3fb3ec7d8-le32d4.cache-3
8b40e000-8b410000 r--s 00000000 08:05 664047     /var/cache/fontconfig/99e8ed0e538f840c565b6ed5dad60d56-le32d4.cache-3
8b410000-8b413000 r--s 00000000 08:05 664056     /var/cache/fontconfig/e383d7ea5fbe662a33d9b44caf393297-le32d4.cache-3
8b413000-8b414000 r--s 00000000 08:05 664057     /var/cache/fontconfig/e7071f4a29fa870f4323321c154eba04-le32d4.cache-3
8b414000-8b417000 r--s 00000000 08:05 664043     /var/cache/fontconfig/6eb3985aa4124903f6ff08ba781cd364-le32d4.cache-3
8b417000-8b418000 r--s 00000000 08:05 664039     /var/cache/fontconfig/4c73fe0c47614734b17d736dbde7580a-le32d4.cache-3
8b418000-8b419000 r--s 00000000 08:05 664033     /var/cache/fontconfig/0d8c3b2ac0904cb8a57a757ad11a4a08-le32d4.cache-3
8b419000-8b41a000 r--s 00000000 08:05 664041     /var/cache/fontconfig/6a53c69dea097a2d716e069445527da8-le32d4.cache-3
8b41a000-8b41e000 r--s 00000000 08:05 664048     /var/cache/fontconfig/a755afe4a08bf5b97852ceb7400b47bc-le32d4.cache-3
8b41e000-8b425000 r--s 00000000 08:05 675238     /var/cache/fontconfig/6d41288fd70b0be22e8c3a91e032eec0-le32d4.cache-3
8b425000-8b430000 r--s 00000000 08:05 655672     /var/cache/fontconfig/0f34bcd4b6ee430af32735b75db7f02b-le32d4.cache-3
8b430000-8b433000 r--s 00000000 08:05 664053     /var/cache/fontconfig/d60319d88cac85ba9e1a07bd06cfbb8c-le32d4.cache-3
8b433000-8b434000 r--s 00000000 08:05 663218     /var/cache/fontconfig/4794a0821666d79190d59a36cb4f44b5-le32d4.cache-3
8b434000-8b456000 r--s 00000000 08:05 675273     /var/cache/fontconfig/365b55f210c0a22e9a19e35191240f32-le32d4.cache-3
8b456000-8b45e000 r--s 00000000 08:05 664052     /var/cache/fontconfig/d52a8644073d54c13679302ca1180695-le32d4.cache-3
8b45e000-8b461000 ---p 00000000 00:00 0 
8b461000-8b4af000 rw-p 00000000 00:00 0 
8b4af000-8b4b2000 ---p 00000000 00:00 0 
8b4b2000-8b500000 rw-p 00000000 00:00 0 
8b500000-8b600000 rw-p 00000000 00:00 0 
8b600000-8b608000 r--s 00000000 08:05 675542     /var/cache/fontconfig/e13b20fdb08344e0e664864cc2ede53d-le32d4.cache-3
8b608000-8b609000 r--s 00000000 08:05 664049     /var/cache/fontconfig/c05880de57d1f5e948fdfacc138775d9-le32d4.cache-3
8b609000-8b60f000 r--s 00000000 08:05 664046     /var/cache/fontconfig/945677eb7aeaf62f1d50efc3fb3ec7d8-le32d4.cache-3
8b60f000-8b611000 r--s 00000000 08:05 664047     /var/cache/fontconfig/99e8ed0e538f840c565b6ed5dad60d56-le32d4.cache-3
8b611000-8b614000 r--s 00000000 08:05 664056     /var/cache/fontconfig/e383d7ea5fbe662a33d9b44caf393297-le32d4.cache-3
8b614000-8b615000 r--s 00000000 08:05 664057     /var/cache/fontconfig/e7071f4a29fa870f4323321c154eba04-le32d4.cache-3
8b615000-8b618000 r--s 00000000 08:05 664043     /var/cache/fontconfig/6eb3985aa4124903f6ff08ba781cd364-le32d4.cache-3
8b618000-8b619000 r--s 00000000 08:05 664039     /var/cache/fontconfig/4c73fe0c47614734b17d736dbde7580a-le32d4.cache-3
8b619000-8b61a000 r--s 00000000 08:05 664033     /var/cache/fontconfig/0d8c3b2ac0904cb8a57a757ad11a4a08-le32d4.cache-3
8b61a000-8b61b000 r--s 00000000 08:05 664041     /var/cache/fontconfig/6a53c69dea097a2d716e069445527da8-le32d4.cache-3
8b61b000-8b61f000 r--s 00000000 08:05 664048     /var/cache/fontconfig/a755afe4a08bf5b97852ceb7400b47bc-le32d4.cache-3
8b61f000-8b626000 r--s 00000000 08:05 675238     /var/cache/fontconfig/6d41288fd70b0be22e8c3a91e032eec0-le32d4.cache-3
8b626000-8b648000 r--s 00000000 08:05 675273     /var/cache/fontconfig/365b55f210c0a22e9a19e35191240f32-le32d4.cache-3
8b648000-8b64b000 ---p 00000000 00:00 0 
8b64b000-8b699000 rw-p 00000000 00:00 0 
8b699000-8b69c000 ---p 00000000 00:00 0 
8b69c000-8b6ea000 rw-p 00000000 00:00 0 
8b6ea000-8b6ed000 ---p 00000000 00:00 0 
8b6ed000-8b73b000 rw-p 00000000 00:00 0 
8b73b000-8b73e000 ---p 00000000 00:00 0 
8b73e000-8b78c000 rw-p 00000000 00:00 0 
8b78c000-8b900000 r--s 0198d000 08:06 12457013   /home/gintare/Programfiles/eclipse/eclipse/plugins/com.google.gwt.eclipse.sdkbundle_2.4.0.v201203300216-rel-r37/gwt-2.4.0/gwt-dev.jar
8b900000-8b9fe000 rw-p 00000000 00:00 0 
8b9fe000-8ba00000 ---p 00000000 00:00 0 
8ba00000-8ba03000 r--s 00000000 08:05 675237     /var/cache/fontconfig/7ef2298fde41cc6eeb7af42e48b7d293-le32d4.cache-3
8ba03000-8ba0e000 r--s 00000000 08:05 655672     /var/cache/fontconfig/0f34bcd4b6ee430af32735b75db7f02b-le32d4.cache-3
8ba0e000-8ba11000 r--s 00000000 08:05 664053     /var/cache/fontconfig/d60319d88cac85ba9e1a07bd06cfbb8c-le32d4.cache-3
8ba11000-8ba12000 r--s 00000000 08:05 663218     /var/cache/fontconfig/4794a0821666d79190d59a36cb4f44b5-le32d4.cache-3
8ba12000-8ba1a000 r--s 00000000 08:05 664052     /var/cache/fontconfig/d52a8644073d54c13679302ca1180695-le32d4.cache-3
8ba1a000-8ba22000 r--s 00000000 08:05 675542     /var/cache/fontconfig/e13b20fdb08344e0e664864cc2ede53d-le32d4.cache-3
8ba22000-8ba25000 r--s 00000000 08:05 675237     /var/cache/fontconfig/7ef2298fde41cc6eeb7af42e48b7d293-le32d4.cache-3
8ba25000-8ba28000 r--s 00077000 08:05 192080     /usr/lib/jvm/java-6-openjdk/jre/lib/ext/localedata.jar
8ba28000-8ba2b000 r--s 00031000 08:05 192083     /usr/lib/jvm/java-6-openjdk/jre/lib/ext/sunjce_provider.jar
8ba2b000-8ba2e000 r--s 00038000 08:05 150283     /usr/lib/jvm/java-6-openjdk/jre/lib/ext/sunpkcs11.jar
8ba2e000-8ba30000 r--s 00001000 08:05 192077     /usr/lib/jvm/java-6-openjdk/jre/lib/ext/dnsns.jar
8ba30000-8ba33000 r--s 0007d000 08:05 192117     /usr/lib/jvm/java-6-openjdk/jre/lib/jsse.jar
8ba33000-8ba36000 r--s 00009000 08:06 12457031   /home/gintare/Programfiles/eclipse/eclipse/plugins/com.google.gwt.eclipse.sdkbundle_2.4.0.v201203300216-rel-r37/gwt-2.4.0/validation-api-1.0.0.GA.jar
8ba36000-8ba38000 r--s 0000e000 08:06 12457030   /home/gintare/Programfiles/eclipse/eclipse/plugins/com.google.gwt.eclipse.sdkbundle_2.4.0.v201203300216-rel-r37/gwt-2.4.0/validation-api-1.0.0.GA-sources.jar
8ba38000-8ba3b000 ---p 00000000 00:00 0 
8ba3b000-8bab7000 rw-p 00000000 00:00 0 
8bab7000-8bb9d000 r--s 00b59000 08:06 12457019   /home/gintare/Programfiles/eclipse/eclipse/plugins/com.google.gwt.eclipse.sdkbundle_2.4.0.v201203300216-rel-r37/gwt-2.4.0/gwt-user.jar
8bb9d000-8bbca000 r--s 0025f000 08:06 9836328    /home/gintare/Programfiles/gxt-2.2.5/gxt-2.2.5-gwt22.jar
8bbca000-8bbde000 r--s 000a5000 08:06 9714208    /home/gintare/Programfiles/gwt-maps.jar
8bbde000-8bbe0000 r--s 00006000 08:06 9836340    /home/gintare/Programfiles/gwt-html5-geolocation-0.9.5/gwt-html5-geolocation.jar
8bbe0000-8bc37000 r--s 009bc000 08:06 12980892   /home/gintare/Programfiles/eclipse/eclipse/plugins/com.google.appengine.eclipse.sdkbundle_1.6.4.v201203300216r37/appengine-java-sdk-1.6.4/lib/appengine-tools-api.jar
8bc37000-8bccb000 r--s 0178b000 08:06 13110917   /home/gintare/Programfiles/eclipse/eclipse/plugins/com.google.appengine.eclipse.sdkbundle_1.6.4.v201203300216r37/appengine-java-sdk-1.6.4/lib/user/appengine-api-1.0-sdk-1.6.4.jar
8bccb000-8bcd2000 r--s 00047000 08:06 13110922   /home/gintare/Programfiles/eclipse/eclipse/plugins/com.google.appengine.eclipse.sdkbundle_1.6.4.v201203300216r37/appengine-java-sdk-1.6.4/lib/user/orm/datanucleus-appengine-1.0.10.final.jar
8bcd2000-8bcec000 r--s 001be000 08:06 13110923   /home/gintare/Programfiles/eclipse/eclipse/plugins/com.google.appengine.eclipse.sdkbundle_1.6.4.v201203300216r37/appengine-java-sdk-1.6.4/lib/user/orm/datanucleus-core-1.1.5.jar
8bcec000-8bcf0000 r--s 00022000 08:06 13110924   /home/gintare/Programfiles/eclipse/eclipse/plugins/com.google.appengine.eclipse.sdkbundle_1.6.4.v201203300216r37/appengine-java-sdk-1.6.4/lib/user/orm/datanucleus-jpa-1.1.5.jar
8bcf0000-8bcf3000 r--s 0000a000 08:06 13110925   /home/gintare/Programfiles/eclipse/eclipse/plugins/com.google.appengine.eclipse.sdkbundle_1.6.4.v201203300216r37/appengine-java-sdk-1.6.4/lib/user/orm/geronimo-jpa_3.0_spec-1.1.1.jar
8bcf3000-8bcf9000 r--s 0002a000 08:06 13110927   /home/gintare/Programfiles/eclipse/eclipse/plugins/com.google.appengine.eclipse.sdkbundle_1.6.4.v201203300216r37/appengine-java-sdk-1.6.4/lib/user/orm/jdo2-api-2.3-eb.jar
8bcf9000-8bcfa000 r--s 00003000 08:06 13110926   /home/gintare/Programfiles/eclipse/eclipse/plugins/com.google.appengine.eclipse.sdkbundle_1.6.4.v201203300216r37/appengine-java-sdk-1.6.4/lib/user/orm/geronimo-jta_1.1_spec-1.1.1.jar
8bcfa000-8bcfb000 r--s 00001000 08:06 13110920   /home/gintare/Programfiles/eclipse/eclipse/plugins/com.google.appengine.eclipse.sdkbundle_1.6.4.v201203300216r37/appengine-java-sdk-1.6.4/lib/user/appengine-jsr107cache-1.6.4.jar
8bcfb000-8bcfe000 r--s 000a4000 08:06 13110919   /home/gintare/Programfiles/eclipse/eclipse/plugins/com.google.appengine.eclipse.sdkbundle_1.6.4.v201203300216r37/appengine-java-sdk-1.6.4/lib/user/appengine-api-labs-1.6.4.jar
8bcfe000-8bcff000 r--s 00001000 08:06 13110921   /home/gintare/Programfiles/eclipse/eclipse/plugins/com.google.appengine.eclipse.sdkbundle_1.6.4.v201203300216r37/appengine-java-sdk-1.6.4/lib/user/jsr107cache-1.1.jar
8bcff000-8bd01000 r--s 00011000 08:06 13110893   /home/gintare/Programfiles/eclipse/eclipse/plugins/com.google.appengine.eclipse.sdkbundle_1.6.4.v201203300216r37/appengine-java-sdk-1.6.4/lib/shared/jsp-api.jar
8bd01000-8bd09000 r--s 0007b000 08:06 13110898   /home/gintare/Programfiles/eclipse/eclipse/plugins/com.google.appengine.eclipse.sdkbundle_1.6.4.v201203300216r37/appengine-java-sdk-1.6.4/lib/shared/jsp/repackaged-appengine-jasper-6.0.29.jar
8bd09000-8bd1d000 r--s 0012e000 08:06 13110895   /home/gintare/Programfiles/eclipse/eclipse/plugins/com.google.appengine.eclipse.sdkbundle_1.6.4.v201203300216r37/appengine-java-sdk-1.6.4/lib/shared/jsp/repackaged-appengine-ant-1.7.1.jar
8bd1d000-8bd1f000 r--s 00019000 08:06 13110900   /home/gintare/Programfiles/eclipse/eclipse/plugins/com.google.appengine.eclipse.sdkbundle_1.6.4.v201203300216r37/appengine-java-sdk-1.6.4/lib/shared/jsp/repackaged-appengine-jasper-el-6.0.29.jar
8bd1f000-8bd21000 r--s 00006000 08:06 13110892   /home/gintare/Programfiles/eclipse/eclipse/plugins/com.google.appengine.eclipse.sdkbundle_1.6.4.v201203300216r37/appengine-java-sdk-1.6.4/lib/shared/el-api.jar
8bd21000-8bd25000 r--s 0008f000 08:06 13110891   /home/gintare/Programfiles/eclipse/eclipse/plugins/com.google.appengine.eclipse.sdkbundle_1.6.4.v201203300216r37/appengine-java-sdk-1.6.4/lib/shared/appengine-local-runtime-shared.jar
8bd25000-8bd2e000 r--s 00065000 08:05 546783     /usr/share/java/gnome-java-bridge.jar
8bd2e000-8bd2f000 ---p 00000000 00:00 0 
8bd2f000-8bdaf000 rw-p 00000000 00:00 0 
8bdaf000-8bdb2000 ---p 00000000 00:00 0 
8bdb2000-8be00000 rw-p 00000000 00:00 0 
8be00000-8befe000 rw-p 00000000 00:00 0 
8befe000-8bf00000 ---p 00000000 00:00 0 
8bf00000-8bf02000 r--s 00002000 08:06 13110897   /home/gintare/Programfiles/eclipse/eclipse/plugins/com.google.appengine.eclipse.sdkbundle_1.6.4.v201203300216r37/appengine-java-sdk-1.6.4/lib/shared/jsp/repackaged-appengine-ant-launcher-1.7.1.jar
8bf02000-8bf03000 r--s 00006000 08:06 13110901   /home/gintare/Programfiles/eclipse/eclipse/plugins/com.google.appengine.eclipse.sdkbundle_1.6.4.v201203300216r37/appengine-java-sdk-1.6.4/lib/shared/jsp/repackaged-appengine-tomcat-juli-6.0.29.jar
8bf03000-8bf06000 ---p 00000000 00:00 0 
8bf06000-8bf84000 rw-p 00000000 00:00 0 
8bf84000-8bf87000 ---p 00000000 00:00 0 
8bf87000-8c005000 rw-p 00000000 00:00 0 
8c005000-8c008000 ---p 00000000 00:00 0 
8c008000-8c056000 rw-p 00000000 00:00 0 
8c056000-8c095000 r--p 00000000 08:05 138892     /usr/lib/locale/en_US.utf8/LC_CTYPE
8c095000-8c098000 ---p 00000000 00:00 0 
8c098000-8c0e6000 rw-p 00000000 00:00 0 
8c0e6000-8c0e9000 ---p 00000000 00:00 0 
8c0e9000-8c137000 rw-p 00000000 00:00 0 
8c137000-8c138000 ---p 00000000 00:00 0 
8c138000-8c1b8000 rw-p 00000000 00:00 0 
8c1b8000-8c1ba000 r--s 0001d000 08:05 192130     /usr/lib/jvm/java-6-openjdk/jre/lib/plugin.jar
8c1ba000-8c1bf000 r--s 00045000 08:05 192128     /usr/lib/jvm/java-6-openjdk/jre/lib/netx.jar
8c1bf000-8c1f2000 rw-p 00000000 00:00 0 
8c1f2000-8c382000 r--s 038c5000 08:05 131898     /usr/lib/jvm/java-6-openjdk/jre/lib/rt.jar
8c382000-8c383000 ---p 00000000 00:00 0 
8c383000-8c403000 rw-p 00000000 00:00 0 
8c403000-8c404000 ---p 00000000 00:00 0 
8c404000-8c491000 rw-p 00000000 00:00 0 
8c491000-8c4c4000 rw-p 00000000 00:00 0 
8c4c4000-8c4f4000 rw-p 00000000 00:00 0 
8c4f4000-8c56f000 rw-p 00000000 00:00 0 
8c56f000-8c57c000 rw-p 00000000 00:00 0 
8c57c000-8c5af000 rw-p 00000000 00:00 0 
8c5af000-8c5df000 rw-p 00000000 00:00 0 
8c5df000-8c659000 rw-p 00000000 00:00 0 
8c659000-8c6af000 rw-p 00000000 00:00 0 
8c6af000-8def0000 rw-p 00000000 00:00 0 
8def0000-946b0000 rw-p 00000000 00:00 0 
946b0000-9a630000 rw-p 00000000 00:00 0 
9a630000-a9c10000 rw-p 00000000 00:00 0 
a9c10000-b46b0000 rw-p 00000000 00:00 0 
b46b0000-b46b3000 r--s 0000f000 08:05 192091     /usr/lib/jvm/java-6-openjdk/jre/lib/ext/pulse-java.jar
b46b3000-b46c0000 rw-p 00000000 00:00 0 
b46c0000-b4773000 rw-p 00000000 00:00 0 
b4773000-b4a8b000 rwxp 00000000 00:00 0 
b4a8b000-b7773000 rw-p 00000000 00:00 0 
b7773000-b7776000 ---p 00000000 00:00 0 
b7776000-b77c7000 rw-p 00000000 00:00 0 
b77c7000-b77c9000 r--s 00014000 08:06 13110902   /home/gintare/Programfiles/eclipse/eclipse/plugins/com.google.appengine.eclipse.sdkbundle_1.6.4.v201203300216r37/appengine-java-sdk-1.6.4/lib/shared/servlet-api.jar
b77c9000-b77d0000 r--s 00000000 08:05 192480     /usr/lib/gconv/gconv-modules.cache
b77d0000-b77d8000 rw-s 00000000 08:05 131424     /tmp/hsperfdata_gintare/6020
b77d8000-b77d9000 rw-p 00000000 00:00 0 
b77d9000-b77da000 r--p 00000000 00:00 0 
b77da000-b77dc000 rw-p 00000000 00:00 0 
bfe6b000-bfe81000 rw-p 00000000 00:00 0          [stack]

VM Arguments:
jvm_args: -Xmx512m 
java_command: com.google.gwt.dev.Compiler -logLevel INFO -style DETAILED -war /home/gintare/GinSoftware/OpenForEvent/events/war com.openforevent.events.Events
Launcher Type: SUN_STANDARD

Environment Variables:
JAVA_HOME=/usr/lib/jvm/default-java
PATH=/usr/local/sbin:/usr/local/bin:/usr/sbin:/usr/bin:/sbin:/bin:/usr/games
USERNAME=gintare
LD_LIBRARY_PATH=/usr/lib/jvm/java-6-openjdk/jre/lib/i386/server:/usr/lib/jvm/java-6-openjdk/jre/lib/i386:/usr/lib/jvm/java-6-openjdk/jre/../lib/i386:/usr/lib/jvm/java-6-openjdk/jre/lib/i386/client:/usr/lib/jvm/java-6-openjdk/jre/lib/i386:
SHELL=/bin/bash
DISPLAY=:0.0

Signal Handlers:
SIGSEGV: [libjvm.so+0x64a040], sa_mask[0]=0x7ffbfeff, sa_flags=0x10000004
SIGBUS: [libjvm.so+0x64a040], sa_mask[0]=0x7ffbfeff, sa_flags=0x10000004
SIGFPE: [libjvm.so+0x51c0d0], sa_mask[0]=0x7ffbfeff, sa_flags=0x10000004
SIGPIPE: [libjvm.so+0x51c0d0], sa_mask[0]=0x7ffbfeff, sa_flags=0x10000004
SIGXFSZ: [libjvm.so+0x51c0d0], sa_mask[0]=0x7ffbfeff, sa_flags=0x10000004
SIGILL: [libjvm.so+0x51c0d0], sa_mask[0]=0x7ffbfeff, sa_flags=0x10000004
SIGUSR1: SIG_DFL, sa_mask[0]=0x00000000, sa_flags=0x00000000
SIGUSR2: [libjvm.so+0x51b780], sa_mask[0]=0x00000004, sa_flags=0x10000004
SIGHUP: [libjvm.so+0x51e2f0], sa_mask[0]=0x7ffbfeff, sa_flags=0x10000004
SIGINT: [libjvm.so+0x51e2f0], sa_mask[0]=0x7ffbfeff, sa_flags=0x10000004
SIGTERM: [libjvm.so+0x51e2f0], sa_mask[0]=0x7ffbfeff, sa_flags=0x10000004
SIGQUIT: [libjvm.so+0x51e2f0], sa_mask[0]=0x7ffbfeff, sa_flags=0x10000004


---------------  S Y S T E M  ---------------

OS:Ubuntu 10.04 (lucid)
uname:Linux 2.6.32-41-generic #89-Ubuntu SMP Fri Apr 27 22:22:09 UTC 2012 i686
libc:glibc 2.11.1 NPTL 2.11.1 
rlimit: STACK 8192k, CORE 0k, NPROC infinity, NOFILE 1024, AS infinity
load average:0.66 0.42 0.46

/proc/meminfo:
MemTotal:        3355096 kB
MemFree:          160924 kB
Buffers:          492336 kB
Cached:          1473608 kB
SwapCached:            0 kB
Active:          1781436 kB
Inactive:        1205136 kB
Active(anon):    1021104 kB
Inactive(anon):     6456 kB
Active(file):     760332 kB
Inactive(file):  1198680 kB
Unevictable:           0 kB
Mlocked:               0 kB
HighTotal:       2498056 kB
HighFree:           3048 kB
LowTotal:         857040 kB
LowFree:          157876 kB
SwapTotal:       4000176 kB
SwapFree:        4000176 kB
Dirty:             28700 kB
Writeback:             0 kB
AnonPages:       1020684 kB
Mapped:           137012 kB
Shmem:              6940 kB
Slab:             151968 kB
SReclaimable:     139980 kB
SUnreclaim:        11988 kB
KernelStack:        2784 kB
PageTables:         6776 kB
NFS_Unstable:          0 kB
Bounce:                0 kB
WritebackTmp:          0 kB
CommitLimit:     5677724 kB
Committed_AS:    2112940 kB
VmallocTotal:     122880 kB
VmallocUsed:       68272 kB
VmallocChunk:      27132 kB
HardwareCorrupted:     0 kB
HugePages_Total:       0
HugePages_Free:        0
HugePages_Rsvd:        0
HugePages_Surp:        0
Hugepagesize:       4096 kB
DirectMap4k:       57336 kB
DirectMap4M:      851968 kB


CPU:total 2 (2 cores per cpu, 1 threads per core) family 6 model 15 stepping 11, cmov, cx8, fxsr, mmx, sse, sse2, sse3, ssse3

Memory: 4k page, physical 3355096k(160924k free), swap 4000176k(4000176k free)

vm_info: OpenJDK Server VM (19.0-b09) for linux-x86 JRE (1.6.0_20-b20), built on Feb 17 2012 07:22:18 by "buildd" with gcc 4.4.3

time: Sun May  6 10:34:14 2012
elapsed time: 11 seconds

